<?xml version="1.0" encoding="UTF-8"?>
<!-- Generated by org.testng.reporters.JUnitXMLReporter -->
<testsuite ignored="0" hostname="DESKTOP-H09M8GD" failures="0" tests="5" name="Default test" time="12.21" errors="0" timestamp="2024-03-08T07:07:43 IST">
  <testcase classname="Petstore.api.automation.PetstoreRequests" name="addaNewPet" time="3.167"/>
  <testcase classname="Petstore.api.automation.PetstoreRequests" name="createPetsAndStoreIDs" time="5.134"/>
  <testcase classname="Petstore.api.automation.PetstoreRequests" name="updateExistingPet" time="1.114"/>
  <testcase classname="Petstore.api.automation.PetstoreRequests" name="findPetsByStatus" time="1.554"/>
  <testcase classname="Petstore.api.automation.PetstoreRequests" name="findPetsByTags" time="1.195"/>
</testsuite> <!-- Default test -->
