-------------------------------------------------------------------------------
Test set: Petstore.api.automation.PetstoreDataCreationTest
-------------------------------------------------------------------------------
Tests run: 3, Failures: 3, Errors: 0, Skipped: 0, Time elapsed: 2.793 sec <<< FAILURE!
i_add_a_new_pet_with_the_provided_dataTest(Petstore.api.automation.PetstoreDataCreationTest)  Time elapsed: 0.009 sec  <<< FAILURE!
java.lang.RuntimeException: Test not implemented
	at Petstore.api.automation.PetstoreDataCreationTest.i_add_a_new_pet_with_the_provided_dataTest(PetstoreDataCreationTest.java:9)

i_have_pet_data_in_the_following_JSON_fileTest(Petstore.api.automation.PetstoreDataCreationTest)  Time elapsed: 0 sec  <<< FAILURE!
java.lang.RuntimeException: Test not implemented
	at Petstore.api.automation.PetstoreDataCreationTest.i_have_pet_data_in_the_following_JSON_fileTest(PetstoreDataCreationTest.java:14)

the_response_status_code_should_beTest(Petstore.api.automation.PetstoreDataCreationTest)  Time elapsed: 0 sec  <<< FAILURE!
java.lang.RuntimeException: Test not implemented
	at Petstore.api.automation.PetstoreDataCreationTest.the_response_status_code_should_beTest(PetstoreDataCreationTest.java:19)

