<?xml version="1.0" encoding="UTF-8" ?>
<testsuite tests="3" failures="3" name="Petstore.api.automation.PetstoreDataCreationTest" time="0.009" errors="0" skipped="0">
  <properties>
[...]
</properties>
  <testcase classname="Petstore.api.automation.PetstoreDataCreationTest" name="i_add_a_new_pet_with_the_provided_dataTest" time="0.009">
    <failure message="Test not implemented" type="java.lang.RuntimeException">java.lang.RuntimeException: Test not implemented
	at Petstore.api.automation.PetstoreDataCreationTest.i_add_a_new_pet_with_the_provided_dataTest(PetstoreDataCreationTest.java:9)
</failure>
    <system-out>Configuring TestNG with: org.apache.maven.surefire.testng.conf.TestNG652Configurator@27a5f880
</system-out>
  </testcase>
  <testcase classname="Petstore.api.automation.PetstoreDataCreationTest" name="i_have_pet_data_in_the_following_JSON_fileTest" time="0">
    <failure message="Test not implemented" type="java.lang.RuntimeException">java.lang.RuntimeException: Test not implemented
	at Petstore.api.automation.PetstoreDataCreationTest.i_have_pet_data_in_the_following_JSON_fileTest(PetstoreDataCreationTest.java:14)
</failure>
  </testcase>
  <testcase classname="Petstore.api.automation.PetstoreDataCreationTest" name="the_response_status_code_should_beTest" time="0">
    <failure message="Test not implemented" type="java.lang.RuntimeException">java.lang.RuntimeException: Test not implemented
	at Petstore.api.automation.PetstoreDataCreationTest.the_response_status_code_should_beTest(PetstoreDataCreationTest.java:19)
</failure>
  </testcase>
</testsuite>