<?xml version="1.0" encoding="UTF-8"?>
<testng-results ignored="0" total="5" passed="5" failed="0" skipped="0">
  <reporter-output>
  </reporter-output>
  <suite started-at="2024-03-08T07:07:30 IST" name="Default suite" finished-at="2024-03-08T07:07:43 IST" duration-ms="12210">
    <groups>
    </groups>
    <test started-at="2024-03-08T07:07:30 IST" name="Default test" finished-at="2024-03-08T07:07:43 IST" duration-ms="12210">
      <class name="Petstore.api.automation.PetstoreRequests">
        <test-method signature="addaNewPet()[pri:1, instance:Petstore.api.automation.PetstoreRequests@3059cbc]" started-at="2024-03-08T07:07:31 IST" name="addaNewPet" finished-at="2024-03-08T07:07:34 IST" duration-ms="3167" status="PASS">
          <reporter-output>
          </reporter-output>
        </test-method> <!-- addaNewPet -->
        <test-method signature="createPetsAndStoreIDs()[pri:2, instance:Petstore.api.automation.PetstoreRequests@3059cbc]" started-at="2024-03-08T07:07:34 IST" name="createPetsAndStoreIDs" finished-at="2024-03-08T07:07:39 IST" duration-ms="5134" status="PASS">
          <reporter-output>
          </reporter-output>
        </test-method> <!-- createPetsAndStoreIDs -->
        <test-method signature="updateExistingPet()[pri:0, instance:Petstore.api.automation.PetstoreRequests@3059cbc]" started-at="2024-03-08T07:07:39 IST" name="updateExistingPet" finished-at="2024-03-08T07:07:40 IST" depends-on-methods="Petstore.api.automation.PetstoreRequests.createPetsAndStoreIDs" duration-ms="1114" status="PASS">
          <reporter-output>
          </reporter-output>
        </test-method> <!-- updateExistingPet -->
        <test-method signature="findPetsByStatus()[pri:3, instance:Petstore.api.automation.PetstoreRequests@3059cbc]" started-at="2024-03-08T07:07:40 IST" name="findPetsByStatus" finished-at="2024-03-08T07:07:41 IST" duration-ms="1554" status="PASS">
          <reporter-output>
          </reporter-output>
        </test-method> <!-- findPetsByStatus -->
        <test-method signature="findPetsByTags()[pri:4, instance:Petstore.api.automation.PetstoreRequests@3059cbc]" started-at="2024-03-08T07:07:41 IST" name="findPetsByTags" finished-at="2024-03-08T07:07:43 IST" duration-ms="1195" status="PASS">
          <reporter-output>
          </reporter-output>
        </test-method> <!-- findPetsByTags -->
      </class> <!-- Petstore.api.automation.PetstoreRequests -->
    </test> <!-- Default test -->
  </suite> <!-- Default suite -->
</testng-results>
